1749816705024.0: 0.40155184268951416
1749816705024.0: 0.3585572838783264
1749816705024.0: 0.0
1749816705024.0: 0.0
1749816705024.0: 0.14366863667964935
1749816705024.0: 0.4520071744918823
1749816705024.0: 0.40687692165374756
1749816705024.0: 0.3701797127723694
1749816705024.0: 0.3462121784687042
1749816705024.0: 0.4794222414493561
1749816705024.0: 0.5001621842384338
1749816705024.0: 0.37141644954681396
1749816705024.0: 0.4642544388771057
1749816705024.0: 0.4782601594924927
1749816705024.0: 0.4246423840522766
1749816705024.0: 0.4411126971244812
1749816705024.0: 0.41564521193504333
1749816705024.0: 0.22315619885921478
1749816705024.0: 0.0
1749816705024.0: 0.0
1749816705024.0: 0.07399236410856247
1749816705024.0: 0.4521089196205139
1749816705024.0: 0.4179382920265198
1749816705024.0: 0.46114346385002136
1749816705024.0: 0.36446890234947205
1749816705024.0: 0.4039457142353058
1749816705024.0: 0.4202648103237152
1749816705024.0: 0.4069860577583313
1749816705024.0: 0.5080568790435791
1749816705024.0: 0.457754909992218
1749816705024.0: 0.447786808013916
1749816705024.0: 0.5657349824905396
1749816705024.0: 0.31906765699386597
1749816705024.0: 0.42762133479118347
1749816705024.0: 0.42712461948394775
1749816705024.0: 0.3260866105556488
1749816705024.0: 0.36147207021713257
1749816705024.0: 0.4027148187160492
1749816705024.0: 0.32263126969337463
1749816705024.0: 0.3762029707431793
1749816705024.0: 0.34018877148628235
1749816705024.0: 0.4330296516418457
1749816705024.0: 0.3751075565814972
1749816705024.0: 0.3137531876564026
1749816705024.0: 0.42215967178344727
1749816705024.0: 0.30340680480003357
1749816705024.0: 0.49041977524757385
1749816705024.0: 0.5436723828315735
1749816705024.0: 0.45927780866622925
1749816705024.0: 0.37347927689552307
1749816705024.0: 0.4689166843891144
1749816705024.0: 0.3508775532245636
1749816705024.0: 0.3910919725894928
1749816705024.0: 0.46219727396965027
1749816705024.0: 0.3071838319301605
1749816705024.0: 0.34300073981285095
1749816705024.0: 0.37222403287887573
1749816705024.0: 0.49470120668411255
1749816705024.0: 0.31253573298454285
1749816705024.0: 0.33817145228385925
1749816705024.0: 0.41452470421791077
1749816705024.0: 0.27409401535987854
1749816705024.0: 0.37064987421035767
1749816705024.0: 0.4467112720012665
1749816705024.0: 0.27220600843429565
1749816705024.0: 0.43687647581100464
1749816705024.0: 0.40914562344551086
1749816705024.0: 0.3954955041408539
1749816705024.0: 0.36725008487701416
1749816705024.0: 0.45570528507232666
1749816705024.0: 0.3694816529750824
1749816705024.0: 0.28733283281326294
1749816705024.0: 0.5227504968643188
1749816705024.0: 0.2998959422111511
1749816705024.0: 0.41330257058143616
1749816705024.0: 0.5683597922325134
1749816705024.0: 0.4206906855106354
1749816705024.0: 0.48859232664108276
1749816705024.0: 0.4325461685657501
1749816705024.0: 0.3178897500038147
1749816705024.0: 0.0
1749816705024.0: 0.4319521486759186
1749816705024.0: 0.4692108631134033
1749816705024.0: 0.42518576979637146
1749816705024.0: 0.3912663161754608
1749816705024.0: 0.4083307981491089
1749816705024.0: 0.4355699121952057
1749816705024.0: 0.5224254131317139
1749816705024.0: 0.4563521146774292
1749816705024.0: 0.4345146715641022
1749816705024.0: 0.5578657388687134
1749816705024.0: 0.43208110332489014
1749816705024.0: 0.47225475311279297
1749816705024.0: 0.6316854953765869
1749816705024.0: 0.33128949999809265
1749816705024.0: 0.42309078574180603
1749816705024.0: 0.4834727346897125
1749816705024.0: 0.4154832065105438
1749816705024.0: 0.47820305824279785
1749816705024.0: 0.48057982325553894
1749816705024.0: 0.38837459683418274
1749816705024.0: 0.4184097349643707
1749816705024.0: 0.4002053737640381
1749816705024.0: 0.5158085227012634
1749816705024.0: 0.4018177390098572
1749816705024.0: 0.5651115775108337
1749816705024.0: 0.51292484998703
1749816705024.0: 0.44060570001602173
1749816705024.0: 0.29869070649147034
1749816705024.0: 0.4470157027244568
1749816705024.0: 0.5213309526443481
1749816705024.0: 0.35013678669929504
1749816705024.0: 0.4222017526626587
1749816705024.0: 0.5385070443153381
1749816705024.0: 0.5469744801521301
1749816705024.0: 0.4542451798915863
1749816705024.0: 0.436618834733963
1749816705024.0: 0.5224593877792358
1749816705024.0: 0.3222072720527649
1749816705024.0: 0.3891148567199707
1749816705024.0: 0.34098541736602783
1749816705024.0: 0.4269651472568512
1749816705024.0: 0.4401015341281891
1749816705024.0: 0.4270787537097931
1749816705024.0: 0.588521420955658
1749816705024.0: 0.3463119864463806
1749816705024.0: 0.47855666279792786
1749816705024.0: 0.45932120084762573
1749816705024.0: 0.39270296692848206
1749816705024.0: 0.26762276887893677
1749816836096.0: 0.33634820580482483
1749816836096.0: 0.12288781255483627
1749816836096.0: 0.1604154109954834
1749816836096.0: 0.25202980637550354
1749816836096.0: 0.5371999144554138
1749816836096.0: 0.2750888764858246
1749816836096.0: 0.5142028331756592
1749816836096.0: 0.5200220346450806
1749816836096.0: 0.39871230721473694
1749816836096.0: 0.44126081466674805
1749816836096.0: 0.4564286768436432
1749816836096.0: 0.4938049912452698
1749816836096.0: 0.5935744047164917
1749816836096.0: 0.4781695306301117
1749816836096.0: 0.3948371112346649
1749816836096.0: 0.6000367999076843
1749816836096.0: 0.5132972598075867
1749816836096.0: 0.2992960810661316
1749816836096.0: 0.3419513404369354
1749816836096.0: 0.49301230907440186
1749816836096.0: 0.4554482400417328
1749816836096.0: 0.47243279218673706
1749816836096.0: 0.46108222007751465
1749816836096.0: 0.48869845271110535
1749816836096.0: 0.440857470035553
1749816836096.0: 0.5196137428283691
1749816836096.0: 0.46355289220809937
1749816836096.0: 0.49614712595939636
1749816836096.0: 0.3947629928588867
1749816836096.0: 0.31647810339927673
1749816836096.0: 0.43280941247940063
1749816836096.0: 0.5394900441169739
1749816836096.0: 0.48218464851379395
1749816836096.0: 0.5801031589508057
1749816836096.0: 0.37513163685798645
1749816836096.0: 0.4205857217311859
1749816836096.0: 0.49217092990875244
1749816836096.0: 0.3987221419811249
1749816836096.0: 0.3333789110183716
1749816836096.0: 0.44826650619506836
1749816836096.0: 0.49887824058532715
1749816836096.0: 0.3894200325012207
1749816836096.0: 0.3838081657886505
1749816836096.0: 0.40543025732040405
1749816836096.0: 0.40935948491096497
1749816836096.0: 0.5132201910018921
1749816836096.0: 0.48394525051116943
1749816836096.0: 0.3967871069908142
1749816836096.0: 0.5055155158042908
1749816836096.0: 0.362313449382782
1749816836096.0: 0.48534250259399414
1749816836096.0: 0.46491557359695435
1749816836096.0: 0.3537890911102295
1749816836096.0: 0.4366816580295563
1749816836096.0: 0.3514570891857147
1749816836096.0: 0.34711140394210815
1749816836096.0: 0.4455296993255615
1749816836096.0: 0.3832710385322571
1749816836096.0: 0.51246577501297
1749816836096.0: 0.5189045667648315
1749816836096.0: 0.3264501988887787
1749816836096.0: 0.45412376523017883
1749816836096.0: 0.5002140402793884
1749816836096.0: 0.46391192078590393
1749816836096.0: 0.36656540632247925
1749816836096.0: 0.3565540611743927
1749816836096.0: 0.45965665578842163
1749816836096.0: 0.5537123680114746
1749816836096.0: 0.3760339617729187
1749816836096.0: 0.3461504280567169
1749816836096.0: 0.4784565269947052
1749816836096.0: 0.3471618592739105
1749816836096.0: 0.45671576261520386
1749816836096.0: 0.19155718386173248
1749816836096.0: 0.2093694657087326
1749816836096.0: 0.377439945936203
1749816836096.0: 0.3434094786643982
1749816836096.0: 0.4410068988800049
1749816836096.0: 0.3807808756828308
1749816836096.0: 0.4689714312553406
1749816836096.0: 0.4062817394733429
1749816836096.0: 0.4438721537590027
1749816836096.0: 0.4230310916900635
1749816836096.0: 0.3508439064025879
1749816836096.0: 0.3635205328464508
1749816836096.0: 0.5008087754249573
1749816836096.0: 0.2663640081882477
1749816836096.0: 0.29240432381629944
1749816836096.0: 0.4994541108608246
1749816836096.0: 0.3156341314315796
1749816836096.0: 0.2783396542072296
1749816836096.0: 0.3672184944152832
1749816836096.0: 0.5223402976989746
1749816836096.0: 0.2647307813167572
1749816836096.0: 0.32678449153900146
1749816836096.0: 0.35915347933769226
1749816836096.0: 0.2706994116306305
1749816836096.0: 0.39805084466934204
1749816836096.0: 0.4415387809276581
1749816836096.0: 0.28115221858024597
1749816836096.0: 0.2467050403356552
1749816836096.0: 0.4537457823753357
1749816836096.0: 0.3674846291542053
1749816836096.0: 0.49896547198295593
1749816836096.0: 0.40391114354133606
1749816836096.0: 0.3416603207588196
1749816836096.0: 0.5154843926429749
1749816836096.0: 0.2526170313358307
1749816836096.0: 0.21494919061660767
1749816836096.0: 0.4038485288619995
1749816836096.0: 0.4553682208061218
1749816836096.0: 0.445795476436615
1749816836096.0: 0.4533407688140869
1749816836096.0: 0.34929075837135315
1749816836096.0: 0.49496373534202576
1749816836096.0: 0.38774266839027405
1749816836096.0: 0.419434517621994
1749816836096.0: 0.4349924921989441
1749816836096.0: 0.36768290400505066
1749816836096.0: 0.397393137216568
1749816836096.0: 0.4225262403488159
1749816836096.0: 0.3359730541706085
1749816836096.0: 0.4474601447582245
1749816836096.0: 0.35150623321533203
1749816836096.0: 0.47095128893852234
1749816836096.0: 0.3817503750324249
1749816836096.0: 0.41306355595588684
1749816836096.0: 0.3121906816959381
1749816836096.0: 0.3301444947719574
1749816836096.0: 0.2783932685852051
1749816836096.0: 0.3466883599758148
1749816836096.0: 0.3647679090499878
1749816836096.0: 0.39565184712409973
1749816836096.0: 0.24838343262672424
1749816967168.0: 0.45963558554649353
1749816967168.0: 0.39705923199653625
1749816967168.0: 0.34129229187965393
1749816967168.0: 0.13490281999111176
1749816967168.0: 0.24271640181541443
1749816967168.0: 0.5255690813064575
1749816967168.0: 0.44108670949935913
1749816967168.0: 0.42218467593193054
1749816967168.0: 0.46218088269233704
1749816967168.0: 0.45005500316619873
1749816967168.0: 0.3988316059112549
1749816967168.0: 0.4376041293144226
1749816967168.0: 0.3728281855583191
1749816967168.0: 0.47897419333457947
1749816967168.0: 0.3935430347919464
1749816967168.0: 0.45272138714790344
1749816967168.0: 0.36354851722717285
1749816967168.0: 0.41007354855537415
1749816967168.0: 0.4214607775211334
1749816967168.0: 0.4830336272716522
1749816967168.0: 0.4028650224208832
1749816967168.0: 0.34214478731155396
1749816967168.0: 0.5384398102760315
1749816967168.0: 0.4610237777233124
1749816967168.0: 0.5310407280921936
1749816967168.0: 0.4801958203315735
1749816967168.0: 0.5581342577934265
1749816967168.0: 0.14011050760746002
1749816967168.0: 0.3521968722343445
1749816967168.0: 0.38453084230422974
1749816967168.0: 0.5236548185348511
1749816967168.0: 0.3599323332309723
1749816967168.0: 0.30503031611442566
1749816967168.0: 0.40411052107810974
1749816967168.0: 0.4056331515312195
1749816967168.0: 0.33799615502357483
1749816967168.0: 0.4373345673084259
1749816967168.0: 0.33408501744270325
1749816967168.0: 0.5003026723861694
1749816967168.0: 0.2938242256641388
1749816967168.0: 0.38381218910217285
1749816967168.0: 0.4631212055683136
1749816967168.0: 0.3771349787712097
1749816967168.0: 0.33220094442367554
1749816967168.0: 0.2809877395629883
1749816967168.0: 0.3000195324420929
1749816967168.0: 0.34319478273391724
1749816967168.0: 0.38487187027931213
1749816967168.0: 0.18920627236366272
1749816967168.0: 0.34131956100463867
1749816967168.0: 0.18263211846351624
1749816967168.0: 0.4278590977191925
1749816967168.0: 0.3001198172569275
1749816967168.0: 0.4765019714832306
1749816967168.0: 0.25133609771728516
1749816967168.0: 0.3372003436088562
